<?xml version="1.0" encoding="UTF-8"?>
<testng-results skipped="0" failed="0" ignored="0" total="1" passed="1">
  <reporter-output>
  </reporter-output>
  <suite name="Project Independance " duration-ms="27803" started-at="2019-02-01T11:48:11Z" finished-at="2019-02-01T11:48:39Z">
    <groups>
    </groups>
    <test name="Progress Note :" duration-ms="27803" started-at="2019-02-01T11:48:11Z" finished-at="2019-02-01T11:48:39Z">
      <class name="DemoTest.TestNGDemoClass.DemoTest">
        <test-method status="PASS" signature="getChorme()[pri:0, instance:DemoTest.TestNGDemoClass.DemoTest@58ceff1]" name="getChorme" duration-ms="27767" started-at="2019-02-01T17:18:11Z" finished-at="2019-02-01T17:18:39Z">
          <reporter-output>
          </reporter-output>
        </test-method> <!-- getChorme -->
      </class> <!-- DemoTest.TestNGDemoClass.DemoTest -->
    </test> <!-- Progress Note : -->
  </suite> <!-- Project Independance  -->
</testng-results>
