<?xml version="1.0" encoding="UTF-8"?>
<testng-results skipped="0" failed="0" ignored="0" total="1" passed="1">
  <reporter-output>
  </reporter-output>
  <suite name="Default suite" duration-ms="38214" started-at="2019-02-01T11:43:02Z" finished-at="2019-02-01T11:43:41Z">
    <groups>
    </groups>
    <test name="Default test" duration-ms="38214" started-at="2019-02-01T11:43:02Z" finished-at="2019-02-01T11:43:41Z">
      <class name="DemoTest.TestNGDemoClass.DemoTest">
        <test-method status="PASS" signature="getChorme()[pri:0, instance:DemoTest.TestNGDemoClass.DemoTest@68c4039c]" name="getChorme" duration-ms="38180" started-at="2019-02-01T17:13:02Z" finished-at="2019-02-01T17:13:41Z">
          <reporter-output>
          </reporter-output>
        </test-method> <!-- getChorme -->
      </class> <!-- DemoTest.TestNGDemoClass.DemoTest -->
    </test> <!-- Default test -->
  </suite> <!-- Default suite -->
</testng-results>
